<?xml version="1.0" encoding="UTF-8"?>
<!-- Generated by org.testng.reporters.JUnitReportReporter -->
<testsuite hostname="vibhakumari" failures="0" tests="1"
	name="Test.TrackBus_Test" time="11.026" errors="0"
	timestamp="05 Feb 2021 19:41:23 GMT" skipped="0">
	<testcase classname="Test.TrackBus_Test" name="TrackBus"
		time="11.026" />
</testsuite> <!-- Test.TrackBus_Test -->
