<?xml version="1.0" encoding="UTF-8"?>
<!-- Generated by org.testng.reporters.JUnitReportReporter -->
<testsuite hostname="vibhakumari" failures="0" tests="1" name="Test.SocialMedia_Test" time="9.553" errors="1" timestamp="07 Feb 2021 07:17:01 GMT" skipped="0">
  <testcase classname="Test.SocialMedia_Test" name="SocialMedia" time="9.553">
    <error message="Unresolved compilation problems: 
	Syntax error on token &quot;Invalid Character&quot;, delete this token
	Syntax error on tokens, delete these tokens
	Syntax error on tokens, delete these tokens
	Syntax error on tokens, delete these tokens
	Syntax error on tokens, delete these tokens
	Syntax error on tokens, delete these tokens
	Syntax error on tokens, delete these tokens
	Syntax error on tokens, delete these tokens
	Syntax error on tokens, delete these tokens
	Syntax error on tokens, delete these tokens
	Syntax error, insert &quot;}&quot; to complete Block
	Syntax error, insert &quot;else Statement&quot; to complete IfStatement
	Syntax error, insert &quot;}&quot; to complete Block
	Syntax error, insert &quot;}&quot; to complete MethodBody
	Syntax error, insert &quot;}&quot; to complete MethodBody
	Syntax error, insert &quot;}&quot; to complete ClassBody
	Syntax error on tokens, delete these tokens
	Syntax error on tokens, delete these tokens
	Syntax error on tokens, delete these tokens
	Syntax error on tokens, delete these tokens
	Syntax error, insert &quot;}&quot; to complete Block
" type="java.lang.Error">
      <![CDATA[java.lang.Error: Unresolved compilation problems: 
	Syntax error on token "Invalid Character", delete this token
	Syntax error on tokens, delete these tokens
	Syntax error on tokens, delete these tokens
	Syntax error on tokens, delete these tokens
	Syntax error on tokens, delete these tokens
	Syntax error on tokens, delete these tokens
	Syntax error on tokens, delete these tokens
	Syntax error on tokens, delete these tokens
	Syntax error on tokens, delete these tokens
	Syntax error on tokens, delete these tokens
	Syntax error, insert "}" to complete Block
	Syntax error, insert "else Statement" to complete IfStatement
	Syntax error, insert "}" to complete Block
	Syntax error, insert "}" to complete MethodBody
	Syntax error, insert "}" to complete MethodBody
	Syntax error, insert "}" to complete ClassBody
	Syntax error on tokens, delete these tokens
	Syntax error on tokens, delete these tokens
	Syntax error on tokens, delete these tokens
	Syntax error on tokens, delete these tokens
	Syntax error, insert "}" to complete Block

	at com.Pages.SocialMedia_Page.<init>(SocialMedia_Page.java:14)
	at Test.SocialMedia_Test.SocialMedia(SocialMedia_Test.java:12)
	at java.base/jdk.internal.reflect.NativeMethodAccessorImpl.invoke0(Native Method)
	at java.base/jdk.internal.reflect.NativeMethodAccessorImpl.invoke(NativeMethodAccessorImpl.java:62)
	at java.base/jdk.internal.reflect.DelegatingMethodAccessorImpl.invoke(DelegatingMethodAccessorImpl.java:43)
	at java.base/java.lang.reflect.Method.invoke(Method.java:564)
	at org.testng.internal.MethodInvocationHelper.invokeMethod(MethodInvocationHelper.java:108)
	at org.testng.internal.Invoker.invokeMethod(Invoker.java:661)
	at org.testng.internal.Invoker.invokeTestMethod(Invoker.java:869)
	at org.testng.internal.Invoker.invokeTestMethods(Invoker.java:1193)
	at org.testng.internal.TestMethodWorker.invokeTestMethods(TestMethodWorker.java:126)
	at org.testng.internal.TestMethodWorker.run(TestMethodWorker.java:109)
	at org.testng.TestRunner.privateRun(TestRunner.java:744)
	at org.testng.TestRunner.run(TestRunner.java:602)
	at org.testng.SuiteRunner.runTest(SuiteRunner.java:380)
	at org.testng.SuiteRunner.runSequentially(SuiteRunner.java:375)
	at org.testng.SuiteRunner.privateRun(SuiteRunner.java:340)
	at org.testng.SuiteRunner.run(SuiteRunner.java:289)
	at org.testng.SuiteRunnerWorker.runSuite(SuiteRunnerWorker.java:52)
	at org.testng.SuiteRunnerWorker.run(SuiteRunnerWorker.java:86)
	at org.testng.TestNG.runSuitesSequentially(TestNG.java:1301)
	at org.testng.TestNG.runSuitesLocally(TestNG.java:1226)
	at org.testng.TestNG.runSuites(TestNG.java:1144)
	at org.testng.TestNG.run(TestNG.java:1115)
	at org.testng.remote.AbstractRemoteTestNG.run(AbstractRemoteTestNG.java:115)
	at org.testng.remote.RemoteTestNG.initAndRun(RemoteTestNG.java:251)
	at org.testng.remote.RemoteTestNG.main(RemoteTestNG.java:77)
]]>
    </error>
  </testcase> <!-- SocialMedia -->
</testsuite> <!-- Test.SocialMedia_Test -->
