<?xml version="1.0" encoding="UTF-8"?>
<!-- Generated by org.testng.reporters.JUnitReportReporter -->
<testsuite hostname="vibhakumari" failures="0" tests="1" name="com.tests.SignIn_Test" time="16.368" errors="0" timestamp="11 Feb 2021 17:26:18 GMT" skipped="0">
  <testcase classname="com.tests.SignIn_Test" name="Valid_SignIn" time="16.368"/>
</testsuite> <!-- com.tests.SignIn_Test -->
