<?xml version="1.0" encoding="UTF-8"?>
<!-- Generated by org.testng.reporters.JUnitReportReporter -->
<testsuite hostname="vibhakumari" failures="0" tests="1" name="com.tests.TermsAndCondition_Test" time="6.084" errors="0" timestamp="11 Feb 2021 17:26:18 GMT" skipped="0">
  <testcase classname="com.tests.TermsAndCondition_Test" name="TAndC" time="6.084"/>
</testsuite> <!-- com.tests.TermsAndCondition_Test -->
