<?xml version="1.0" encoding="UTF-8"?>
<!-- Generated by org.testng.reporters.JUnitReportReporter -->
<testsuite hostname="vibhakumari" failures="0" tests="1"
	name="Test.TermsAndCondition_Test" time="13.862" errors="0"
	timestamp="05 Feb 2021 20:48:39 GMT" skipped="0">
	<testcase classname="Test.TermsAndCondition_Test" name="TAndC"
		time="13.862" />
</testsuite> <!-- Test.TermsAndCondition_Test -->
