<?xml version="1.0" encoding="UTF-8"?>
<!-- Generated by org.testng.reporters.JUnitReportReporter -->
<testsuite hostname="vibhakumari" failures="0" tests="1"
	name="Test.CallBack_Test" time="14.280" errors="0"
	timestamp="06 Feb 2021 19:55:56 GMT" skipped="0">
	<testcase classname="Test.CallBack_Test" name="CallBack"
		time="14.280" />
</testsuite> <!-- Test.CallBack_Test -->
