<?xml version="1.0" encoding="UTF-8"?>
<!-- Generated by org.testng.reporters.JUnitReportReporter -->
<testsuite hostname="vibhakumari" failures="0" tests="1" name="Test.SignIn_Test" time="11.394" errors="0" timestamp="07 Feb 2021 20:11:40 GMT" skipped="0">
  <testcase classname="Test.SignIn_Test" name="SignIn" time="11.394"/>
</testsuite> <!-- Test.SignIn_Test -->
