<?xml version="1.0" encoding="UTF-8"?>
<!-- Generated by org.testng.reporters.JUnitReportReporter -->
<testsuite hostname="vibhakumari" failures="0" tests="1" name="com.tests.Career_Test" time="6.253" errors="0" timestamp="11 Feb 2021 14:07:05 GMT" skipped="0">
  <testcase classname="com.tests.Career_Test" name="Career" time="6.253"/>
</testsuite> <!-- com.tests.Career_Test -->
