<?xml version="1.0" encoding="UTF-8"?>
<!-- Generated by org.testng.reporters.JUnitReportReporter -->
<testsuite hostname="vibhakumari" failures="0" tests="1"
	name="Test.UpdateProfile_Test" time="28.831" errors="0"
	timestamp="04 Feb 2021 10:56:16 GMT" skipped="0">
	<testcase classname="Test.UpdateProfile_Test"
		name="Profile_update" time="28.831" />
</testsuite> <!-- Test.UpdateProfile_Test -->
