<?xml version="1.0" encoding="UTF-8"?>
<!-- Generated by org.testng.reporters.JUnitReportReporter -->
<testsuite hostname="vibhakumari" failures="0" tests="1" name="com.tests.SocialMedia_Test" time="7.727" errors="0" timestamp="11 Feb 2021 17:26:18 GMT" skipped="0">
  <testcase classname="com.tests.SocialMedia_Test" name="SocialMedia" time="7.727"/>
</testsuite> <!-- com.tests.SocialMedia_Test -->
