<?xml version="1.0" encoding="UTF-8"?>
<!-- Generated by org.testng.reporters.JUnitReportReporter -->
<testsuite hostname="vibhakumari" failures="0" tests="1" name="com.tests.BusHireOperator_Test" time="5.979" errors="0" timestamp="11 Feb 2021 17:26:18 GMT" skipped="0">
  <testcase classname="com.tests.BusHireOperator_Test" name="BusHireOperator" time="5.979"/>
</testsuite> <!-- com.tests.BusHireOperator_Test -->
