<?xml version="1.0" encoding="UTF-8"?>
<!-- Generated by org.testng.reporters.JUnitReportReporter -->
<testsuite hostname="vibhakumari" failures="0" tests="1" name="com.tests.Sites_Test" time="25.446" errors="0" timestamp="11 Feb 2021 17:26:18 GMT" skipped="0">
  <testcase classname="com.tests.Sites_Test" name="get_Title" time="25.446"/>
</testsuite> <!-- com.tests.Sites_Test -->
