<?xml version="1.0" encoding="UTF-8"?>
<!-- Generated by org.testng.reporters.JUnitReportReporter -->
<testsuite hostname="vibhakumari" failures="0" tests="1" name="com.tests.SearchTest" time="30.225" errors="0" timestamp="11 Feb 2021 18:07:21 GMT" skipped="0">
  <testcase classname="com.tests.SearchTest" name="Search_Bus" time="30.225"/>
</testsuite> <!-- com.tests.SearchTest -->
