<?xml version="1.0" encoding="UTF-8"?>
<!-- Generated by org.testng.reporters.JUnitReportReporter -->
<testsuite hostname="vibhakumari" failures="0" tests="1"
	name="Test.SearchTest" time="11.302" errors="0"
	timestamp="06 Feb 2021 06:20:44 GMT" skipped="0">
	<testcase classname="Test.SearchTest" name="Search_Bus"
		time="11.302" />
</testsuite> <!-- Test.SearchTest -->
