<?xml version="1.0" encoding="UTF-8"?>
<!-- Generated by org.testng.reporters.JUnitReportReporter -->
<testsuite skipped="0" hostname="vibhakumari" name="com.tests.TermsAndCondition_Test" tests="1" failures="0" timestamp="11 Feb 2021 17:56:18 GMT" time="5.783" errors="0">
  <testcase name="TAndC" time="5.783" classname="com.tests.TermsAndCondition_Test"/>
</testsuite> <!-- com.tests.TermsAndCondition_Test -->
