<?xml version="1.0" encoding="UTF-8"?>
<!-- Generated by org.testng.reporters.JUnitReportReporter -->
<testsuite skipped="0" hostname="vibhakumari" name="com.tests.SignIn_Test" tests="1" failures="0" timestamp="11 Feb 2021 17:56:18 GMT" time="16.526" errors="0">
  <testcase name="Valid_SignIn" time="16.526" classname="com.tests.SignIn_Test"/>
</testsuite> <!-- com.tests.SignIn_Test -->
